1649890928730	geckodriver	INFO	Listening on 127.0.0.1:53412
1649890931754	mozrunner::runner	INFO	Running command: "C:\\Program Files\\Mozilla Firefox\\firefox.exe" "--marionette" "-no-remote" "-profile" "C:\\Users\\roher\\AppData\\Local\\Temp\\rust_mozprofilebKAYOd"
1649890932521	Marionette	INFO	Marionette enabled
console.warn: SearchSettings: "get: No settings file exists, new profile?" (new NotFoundError("Could not open the file at C:\\Users\\roher\\AppData\\Local\\Temp\\rust_mozprofilebKAYOd\\search.json.mozlz4", (void 0)))
1649890935084	Marionette	INFO	Listening on port 53445
Read port: 53445
1649890935212	RemoteAgent	WARN	TLS certificate errors will be ignored for this session
1649890956825	Marionette	INFO	Stopped listening on port 53445
console.error: PushServiceWebSocket: 
  _beginWSSetup: Not in shutdown state! Current state
  2

###!!! [Parent][PGPUParent] Error: RunMessage(msgname=PGPU::Msg_ShutdownVR) Channel closing: too late to send/recv, messages will be lost

1649890963073	geckodriver	INFO	Listening on 127.0.0.1:53467
1649890966136	mozrunner::runner	INFO	Running command: "C:\\Program Files\\Mozilla Firefox\\firefox.exe" "--marionette" "-no-remote" "-profile" "C:\\Users\\roher\\AppData\\Local\\Temp\\rust_mozprofileZJCuJv"
1649890966467	Marionette	INFO	Marionette enabled
console.warn: SearchSettings: "get: No settings file exists, new profile?" (new NotFoundError("Could not open the file at C:\\Users\\roher\\AppData\\Local\\Temp\\rust_mozprofileZJCuJv\\search.json.mozlz4", (void 0)))
1649890968738	Marionette	INFO	Listening on port 53489
Read port: 53489
1649890968840	RemoteAgent	WARN	TLS certificate errors will be ignored for this session
1649891567678	Marionette	INFO	Stopped listening on port 53489
9891147497	mozrunner::runner	INFO	Running command: "C:\\Program Files\\Mozilla Firefox\\firefox.exe" "--marionette" "-no-remote" "-profile" "C:\\Users\\roher\\AppData\\Local\\Temp\\rust_mozprofileBuJnbK"
1649891147832	Marionette	INFO	Marionette enabled
console.warn: SearchSettings: "get: No settings file exists, new profile?" (new NotFoundError("Could not open the file at C:\\Users\\roher\\AppData\\Local\\Temp\\rust_mozprofileBuJnbK\\search.json.mozlz4", (void 0)))
1649891150243	Marionette	INFO	Listening on port 64164
Read port: 64164
1649891150301	RemoteAgent	WARN	TLS certificate errors will be ignored for this session
console.warn: LoginRecipes: "getRecipes: falling back to a synchronous message for:" "https://accounts.google.com"
console.warn: LoginRecipes: "getRecipes: falling back to a synchronous message for:" "https://accounts.google.com"
JavaScript warning: https://accounts.google.com/o/oauth2/auth?redirect_uri=storagerelay%3A%2F%2Fhttps%2Ftinder.com%3Fid%3Dauth475049&response_type=permission%20id_token&scope=email%20profile%20openid&openid.realm=&include_granted_scopes=true&client_id=230402993429-g4nobau40t3v3j0tvqto4j8f35kil4hf.apps.googleusercontent.com&ss_domain=https%3A%2F%2Ftinder.com&fetch_basic_profile=true&gsiwebsdk=2 line 1 > eval line 3560 > eval line 1 > eval line 1 > eval, line 1: WEBGL_debug_renderer_info is deprecated in Firefox and will be removed. Please use RENDERER.
JavaScript warning: https://static.xx.fbcdn.net/rsrc.php/v3i2_p4/yb/l/es_ES/tNZbOVEkFcm.js?_nc_x=Ij3Wp8lg5Kz, line 20: WEBGL_debug_renderer_info is deprecated in Firefox and will be removed. Please use RENDERER.
console.warn: LoginRecipes: "getRecipes: falling back to a synchronous message for:" "https://accounts.google.com"
console.warn: LoginRecipes: "getRecipes: falling back to a synchronous message for:" "https://accounts.google.com"
console.warn: LoginRecipes: "getRecipes: falling back to a synchronous message for:" "https://accounts.google.com"
console.warn: LoginRecipes: "getRecipes: falling back to a synchronous message for:" "https://accounts.google.com"
console.warn: LoginRecipes: "getRecipes: falling back to a synchronous message for:" "https://accounts.google.com"
JavaScript warning: https://accounts.google.com/o/oauth2/auth?redirect_uri=storagerelay%3A%2F%2Fhttps%2Ftinder.com%3Fid%3Dauth132646&response_type=permission%20id_token&scope=email%20profile%20openid&openid.realm=&include_granted_scopes=true&client_id=230402993429-g4nobau40t3v3j0tvqto4j8f35kil4hf.apps.googleusercontent.com&ss_domain=https%3A%2F%2Ftinder.com&fetch_basic_profile=true&gsiwebsdk=2 line 1 > eval line 3183 > eval line 1 > eval line 1 > eval, line 1: WEBGL_debug_renderer_info is deprecated in Firefox and will be removed. Please use RENDERER.
console.warn: LoginRecipes: "getRecipes: falling back to a synchronous message for:" "https://accounts.google.com"
console.warn: LoginRecipes: "getRecipes: falling back to a synchronous message for:" "https://accounts.google.com"
JavaScript warning: https://static.xx.fbcdn.net/rsrc.php/v3i2_p4/yb/l/es_ES/tNZbOVEkFcm.js?_nc_x=Ij3Wp8lg5Kz, line 20: WEBGL_debug_renderer_info is deprecated in Firefox and will be removed. Please use RENDERER.
console.warn: LoginRecipes: "getRecipes: falling back to a synchronous message for:" "https://accounts.google.com"
JavaScript warning: https://accounts.google.com/o/oauth2/auth?redirect_uri=storagerelay%3A%2F%2Fhttps%2Ftinder.com%3Fid%3Dauth205086&response_type=permission%20id_token&scope=email%20profile%20openid&openid.realm=&include_granted_scopes=true&client_id=230402993429-g4nobau40t3v3j0tvqto4j8f35kil4hf.apps.googleusercontent.com&ss_domain=https%3A%2F%2Ftinder.com&fetch_basic_profile=true&gsiwebsdk=2 line 1 > eval line 3936 > eval line 1 > eval line 1 > eval, line 1: WEBGL_debug_renderer_info is deprecated in Firefox and will be removed. Please use RENDERER.
JavaScript error: resource://devtools/server/connectors/js-window-actor/DevToolsFrameParent.jsm, line 217: TypeError: watcher is undefined
JavaScript error: resource://devtools/server/connectors/js-window-actor/DevToolsFrameParent.jsm, line 217: TypeError: watcher is undefined
JavaScript error: resource://devtools/server/connectors/js-window-actor/DevToolsFrameParent.jsm, line 217: TypeError: watcher is undefined
JavaScript error: resource://gre/modules/AsyncShutdown.jsm, line 575: NotFoundError: No such JSWindowActor 'DevToolsFrame'
1649891564775	Marionette	INFO	Stopped listening on port 64164
ote" "-profile" "C:\\Users\\roher\\AppData\\Local\\Temp\\rust_mozprofile4omUTA"
1649891546330	Marionette	INFO	Marionette enabled
console.warn: SearchSettings: "get: No settings file exists, new profile?" (new NotFoundError("Could not open the file at C:\\Users\\roher\\AppData\\Local\\Temp\\rust_mozprofile4omUTA\\search.json.mozlz4", (void 0)))
1649891548772	Marionette	INFO	Listening on port 64567
Read port: 64567
1649891548854	RemoteAgent	WARN	TLS certificate errors will be ignored for this session
1649891552264	Marionette	WARN	TimedPromise timed out after 500 ms: stacktrace:
TimedPromise/<@chrome://remote/content/marionette/sync.js:235:19
TimedPromise@chrome://remote/content/marionette/sync.js:220:10
interaction.flushEventLoop@chrome://remote/content/marionette/interaction.js:431:10
webdriverClickElement@chrome://remote/content/marionette/interaction.js:179:31
1649891565984	Marionette	INFO	Stopped listening on port 64567

###!!! [Child][PContentChild] Error: RunMessage(msgname=PSessionStorageObserver::Msg_Observe) Channel closing: too late to send/recv, messages will be lost


###!!! [Child][PContentChild] Error: RunMessage(msgname=PContent::Reply_DiscardBrowsingContext) Channel closing: too late to send/recv, messages will be lost


###!!! [Child][PContentChild] Error: RunMessage(msgname=PContent::Msg_DestroyBrowsingContextGroup) Channel closing: too late to send/recv, messages will be lost

1649891592305	geckodriver	INFO	Listening on 127.0.0.1:64617
1649891595341	mozrunner::runner	INFO	Running command: "C:\\Program Files\\Mozilla Firefox\\firefox.exe" "--marionette" "-no-remote" "-profile" "C:\\Users\\roher\\AppData\\Local\\Temp\\rust_mozprofileFYG7fA"
1649891595682	Marionette	INFO	Marionette enabled
console.warn: SearchSettings: "get: No settings file exists, new profile?" (new NotFoundError("Could not open the file at C:\\Users\\roher\\AppData\\Local\\Temp\\rust_mozprofileFYG7fA\\search.json.mozlz4", (void 0)))
1649891598158	Marionette	INFO	Listening on port 64652
Read port: 64652
1649891598234	RemoteAgent	WARN	TLS certificate errors will be ignored for this session
JavaScript error: resource://gre/modules/AsyncShutdown.jsm, line 575: NotFoundError: No such JSWindowActor 'DevToolsFrame'
JavaScript error: resource://gre/modules/AsyncShutdown.jsm, line 575: NotFoundError: No such JSWindowActor 'DevToolsFrame'
1649891743943	Marionette	INFO	Stopped listening on port 64652
1649891751305	geckodriver	INFO	Listening on 127.0.0.1:64721
1649891754335	mozrunner::runner	INFO	Running command: "C:\\Program Files\\Mozilla Firefox\\firefox.exe" "--marionette" "-no-remote" "-profile" "C:\\Users\\roher\\AppData\\Local\\Temp\\rust_mozprofilehymDuJ"
1649891754682	Marionette	INFO	Marionette enabled
console.warn: SearchSettings: "get: No settings file exists, new profile?" (new NotFoundError("Could not open the file at C:\\Users\\roher\\AppData\\Local\\Temp\\rust_mozprofilehymDuJ\\search.json.mozlz4", (void 0)))
1649891757000	Marionette	INFO	Listening on port 64753
Read port: 64753
1649891757018	RemoteAgent	WARN	TLS certificate errors will be ignored for this session
console.warn: LoginRecipes: "getRecipes: falling back to a synchronous message for:" "https://accounts.google.com"
console.warn: LoginRecipes: "getRecipes: falling back to a synchronous message for:" "https://accounts.google.com"
JavaScript warning: https://accounts.google.com/o/oauth2/auth?redirect_uri=storagerelay%3A%2F%2Fhttps%2Ftinder.com%3Fid%3Dauth527955&response_type=permission%20id_token&scope=email%20profile%20openid&openid.realm=&include_granted_scopes=true&client_id=230402993429-g4nobau40t3v3j0tvqto4j8f35kil4hf.apps.googleusercontent.com&ss_domain=https%3A%2F%2Ftinder.com&fetch_basic_profile=true&gsiwebsdk=2 line 1 > eval line 6565 > eval line 1 > eval line 1 > eval, line 1: WEBGL_debug_renderer_info is deprecated in Firefox and will be removed. Please use RENDERER.
1649892975682	Marionette	INFO	Stopped listening on port 64753

###!!! [Child][PContentChild] Error: RunMessage(msgname=PContent::Msg_DestroyBrowsingContextGroup) Channel closing: too late to send/recv, messages will be lost

\\Local\\Temp\\rust_mozprofilehp0ejG"
1649891901645	Marionette	INFO	Marionette enabled
console.warn: SearchSettings: "get: No settings file exists, new profile?" (new NotFoundError("Could not open the file at C:\\Users\\roher\\AppData\\Local\\Temp\\rust_mozprofilehp0ejG\\search.json.mozlz4", (void 0)))
1649891903967	Marionette	INFO	Listening on port 64872
Read port: 64872
1649891904084	RemoteAgent	WARN	TLS certificate errors will be ignored for this session
console.warn: LoginRecipes: "getRecipes: falling back to a synchronous message for:" "https://accounts.google.com"
console.warn: LoginRecipes: "getRecipes: falling back to a synchronous message for:" "https://accounts.google.com"
JavaScript warning: https://accounts.google.com/o/oauth2/auth?redirect_uri=storagerelay%3A%2F%2Fhttps%2Ftinder.com%3Fid%3Dauth191189&response_type=permission%20id_token&scope=email%20profile%20openid&openid.realm=&include_granted_scopes=true&client_id=230402993429-g4nobau40t3v3j0tvqto4j8f35kil4hf.apps.googleusercontent.com&ss_domain=https%3A%2F%2Ftinder.com&fetch_basic_profile=true&gsiwebsdk=2 line 1 > eval line 5312 > eval line 1 > eval line 1 > eval, line 1: WEBGL_debug_renderer_info is deprecated in Firefox and will be removed. Please use RENDERER.
console.warn: LoginRecipes: "getRecipes: falling back to a synchronous message for:" "https://accounts.google.com"
JavaScript warning: https://accounts.google.com/o/oauth2/auth?redirect_uri=storagerelay%3A%2F%2Fhttps%2Ftinder.com%3Fid%3Dauth191189&response_type=permission%20id_token&scope=email%20profile%20openid&openid.realm=&include_granted_scopes=true&client_id=230402993429-g4nobau40t3v3j0tvqto4j8f35kil4hf.apps.googleusercontent.com&ss_domain=https%3A%2F%2Ftinder.com&fetch_basic_profile=true&gsiwebsdk=2 line 1 > eval line 4394 > eval line 1 > eval line 1 > eval, line 1: WEBGL_debug_renderer_info is deprecated in Firefox and will be removed. Please use RENDERER.
console.warn: LoginRecipes: "getRecipes: falling back to a synchronous message for:" "https://accounts.google.com"
console.warn: LoginRecipes: "getRecipes: falling back to a synchronous message for:" "https://accounts.google.com"
JavaScript warning: https://accounts.google.com/o/oauth2/auth?redirect_uri=storagerelay%3A%2F%2Fhttps%2Ftinder.com%3Fid%3Dauth191189&response_type=permission+id_token&scope=email+profile+openid&openid.realm&include_granted_scopes=true&client_id=230402993429-g4nobau40t3v3j0tvqto4j8f35kil4hf.apps.googleusercontent.com&ss_domain=https%3A%2F%2Ftinder.com&fetch_basic_profile=true&gsiwebsdk=2&flowName=GeneralOAuthFlow line 1 > eval line 1730 > eval line 1 > eval line 1 > eval, line 1: WEBGL_debug_renderer_info is deprecated in Firefox and will be removed. Please use RENDERER.
console.warn: LoginRecipes: "getRecipes: falling back to a synchronous message for:" "https://accounts.google.com"
JavaScript warning: https://accounts.google.com/o/oauth2/auth?redirect_uri=storagerelay%3A%2F%2Fhttps%2Ftinder.com%3Fid%3Dauth191189&response_type=permission+id_token&scope=email+profile+openid&openid.realm&include_granted_scopes=true&client_id=230402993429-g4nobau40t3v3j0tvqto4j8f35kil4hf.apps.googleusercontent.com&ss_domain=https%3A%2F%2Ftinder.com&fetch_basic_profile=true&gsiwebsdk=2&flowName=GeneralOAuthFlow line 1 > eval line 6103 > eval line 1 > eval line 1 > eval, line 1: WEBGL_debug_renderer_info is deprecated in Firefox and will be removed. Please use RENDERER.
console.warn: LoginRecipes: "getRecipes: falling back to a synchronous message for:" "https://accounts.google.com"
console.warn: LoginRecipes: "getRecipes: falling back to a synchronous message for:" "https://accounts.google.com"
JavaScript warning: https://accounts.google.com/o/oauth2/auth?redirect_uri=storagerelay%3A%2F%2Fhttps%2Ftinder.com%3Fid%3Dauth191189&response_type=permission+id_token&scope=email+profile+openid&openid.realm&include_granted_scopes=true&client_id=230402993429-g4nobau40t3v3j0tvqto4j8f35kil4hf.apps.googleusercontent.com&ss_domain=https%3A%2F%2Ftinder.com&fetch_basic_profile=true&gsiwebsdk=2&flowName=GeneralOAuthFlow line 1 > eval line 1933 > eval line 1 > eval line 1 > eval, line 1: WEBGL_debug_renderer_info is deprecated in Firefox and will be removed. Please use RENDERER.
1649892275102	Marionette	INFO	Stopped listening on port 64872
1649892536328	geckodriver	INFO	Listening on 127.0.0.1:65081
1649892543634	mozrunner::runner	INFO	Running command: "C:\\Program Files\\Mozilla Firefox\\firefox.exe" "--marionette" "-no-remote" "-profile" "C:\\Users\\roher\\AppData\\Local\\Temp\\rust_mozprofilemtK64I"
1649892543931	Marionette	INFO	Marionette enabled
1649892545515	Marionette	INFO	Listening on port 65104
Read port: 65104
1649892545634	RemoteAgent	WARN	TLS certificate errors will be ignored for this session
JavaScript warning: https://accounts.google.com/signin line 1 > eval line 7214 > eval line 1 > eval line 1 > eval, line 1: WEBGL_debug_renderer_info is deprecated in Firefox and will be removed. Please use RENDERER.
1649892626272	Marionette	INFO	Stopped listening on port 65104
1649892980740	geckodriver	INFO	Listening on 127.0.0.1:65222
1649892988104	mozrunner::runner	INFO	Running command: "C:\\Program Files\\Mozilla Firefox\\firefox.exe" "--marionette" "-no-remote" "-profile" "C:\\Users\\roher\\AppData\\Local\\Temp\\rust_mozprofilexVWubC"
1649892988412	Marionette	INFO	Marionette enabled
1649892990005	Marionette	INFO	Listening on port 65245
Read port: 65245
1649892990110	RemoteAgent	WARN	TLS certificate errors will be ignored for this session
JavaScript warning: https://accounts.google.com/signin line 1 > eval line 6529 > eval line 1 > eval line 1 > eval, line 1: WEBGL_debug_renderer_info is deprecated in Firefox and will be removed. Please use RENDERER.
JavaScript error: , line 0: NotFoundError: No such JSWindowActor 'DevToolsFrame'
JavaScript error: , line 0: NotFoundError: No such JSWindowActor 'DevToolsFrame'
1649893066068	Marionette	INFO	Stopped listening on port 65245
1649893070920	geckodriver	INFO	Listening on 127.0.0.1:65328
1649893078367	mozrunner::runner	INFO	Running command: "C:\\Program Files\\Mozilla Firefox\\firefox.exe" "--marionette" "-no-remote" "-profile" "C:\\Users\\roher\\AppData\\Local\\Temp\\rust_mozprofilexAINtS"
1649893078661	Marionette	INFO	Marionette enabled
1649893080212	Marionette	INFO	Listening on port 65352
Read port: 65352
1649893080267	RemoteAgent	WARN	TLS certificate errors will be ignored for this session
JavaScript warning: https://accounts.google.com/signin line 1 > eval line 3420 > eval line 1 > eval line 1 > eval, line 1: WEBGL_debug_renderer_info is deprecated in Firefox and will be removed. Please use RENDERER.
1649893102543	Marionette	INFO	Stopped listening on port 65352
[Parent 16556, IPC I/O Parent] WARNING: file /builds/worker/checkouts/gecko/ipc/chromium/src/base/process_util_win.cc:167

###!!! [Parent][PGPUParent] Error: RunMessage(msgname=PGPU::Msg_ShutdownVR) Channel closing: too late to send/recv, messages will be lost

1649893108699	geckodriver	INFO	Listening on 127.0.0.1:65438
1649893116241	mozrunner::runner	INFO	Running command: "C:\\Program Files\\Mozilla Firefox\\firefox.exe" "--marionette" "-no-remote" "-profile" "C:\\Users\\roher\\AppData\\Local\\Temp\\rust_mozprofile5kB5Ik"
1649893116578	Marionette	INFO	Marionette enabled
1649893118099	Marionette	INFO	Listening on port 65462
Read port: 65462
1649893118159	RemoteAgent	WARN	TLS certificate errors will be ignored for this session
JavaScript warning: https://accounts.google.com/signin line 1 > eval line 4983 > eval line 1 > eval line 1 > eval, line 1: WEBGL_debug_renderer_info is deprecated in Firefox and will be removed. Please use RENDERER.

###!!! [Child][PContentChild] Error: RunMessage(msgname=PContent::Msg_CommitBrowsingContextTransaction) Channel closing: too late to send/recv, messages will be lost


###!!! [Child][PContentChild] Error: RunMessage(msgname=PContent::Msg_CommitBrowsingContextTransaction) Channel closing: too late to send/recv, messages will be lost

1649893187133	Marionette	INFO	Stopped listening on port 65462
1649893193571	geckodriver	INFO	Listening on 127.0.0.1:49175
1649893201112	mozrunner::runner	INFO	Running command: "C:\\Program Files\\Mozilla Firefox\\firefox.exe" "--marionette" "-no-remote" "-profile" "C:\\Users\\roher\\AppData\\Local\\Temp\\rust_mozprofilePUFQyz"
1649893201452	Marionette	INFO	Marionette enabled
1649893203003	Marionette	INFO	Listening on port 49199
Read port: 49199
1649893203039	RemoteAgent	WARN	TLS certificate errors will be ignored for this session
JavaScript warning: https://accounts.google.com/signin line 1 > eval line 3602 > eval line 1 > eval line 1 > eval, line 1: WEBGL_debug_renderer_info is deprecated in Firefox and will be removed. Please use RENDERER.

###!!! [Child][PContentChild] Error: RunMessage(msgname=PContent::Msg_DiscardWindowContext) Channel closing: too late to send/recv, messages will be lost


###!!! [Child][PContentChild] Error: RunMessage(msgname=PContent::Reply_DiscardBrowsingContext) Channel closing: too late to send/recv, messages will be lost


###!!! [Child][PContentChild] Error: RunMessage(msgname=PHttpChannel::Msg_DeleteSelf) Channel closing: too late to send/recv, messages will be lost

1649893314551	Marionette	INFO	Stopped listening on port 49199

###!!! [Child][PContentChild] Error: RunMessage(msgname=PContent::Msg_DestroyBrowsingContextGroup) Channel closing: too late to send/recv, messages will be lost

\\Local\\Temp\\rust_mozprofileUrwZDz"
1649893288630	Marionette	INFO	Marionette enabled
1649893290211	Marionette	INFO	Listening on port 63960
Read port: 63960
1649893290328	RemoteAgent	WARN	TLS certificate errors will be ignored for this session
JavaScript warning: https://accounts.google.com/signin line 1 > eval line 1863 > eval line 1 > eval line 1 > eval, line 1: WEBGL_debug_renderer_info is deprecated in Firefox and will be removed. Please use RENDERER.
1649893310612	Marionette	INFO	Stopped listening on port 63960

###!!! [Parent][PContentParent] Error: Send(msgname=PContent::Msg_DestroyBrowsingContextGroup) Closed channel: cannot send/recv


###!!! [Child][PContentChild] Error: RunMessage(msgname=PContent::Reply_DiscardBrowsingContext) Channel closing: too late to send/recv, messages will be lost

1649893353390	geckodriver	INFO	Listening on 127.0.0.1:64028
1649893360786	mozrunner::runner	INFO	Running command: "C:\\Program Files\\Mozilla Firefox\\firefox.exe" "--marionette" "-no-remote" "-profile" "C:\\Users\\roher\\AppData\\Local\\Temp\\rust_mozprofilemmwqUr"
1649893361087	Marionette	INFO	Marionette enabled
1649893362609	Marionette	INFO	Listening on port 64050
Read port: 64050
1649893362702	RemoteAgent	WARN	TLS certificate errors will be ignored for this session
JavaScript warning: https://accounts.google.com/signin line 1 > eval line 5170 > eval line 1 > eval line 1 > eval, line 1: WEBGL_debug_renderer_info is deprecated in Firefox and will be removed. Please use RENDERER.
1649893409354	Marionette	INFO	Stopped listening on port 64051649893415325	mozrunner::runner	INFO	Running command: "C:\\Program Files\\Mozilla Firefox\\firefox.exe" "--marionette" "-no-remote" "-profile" "C:\\Users\\roher\\AppData\\Local\\Temp\\rust_mozprofileUU2kii"
1649893415662	Marionette	INFO	Marionette enabled
1649893417134	Marionette	INFO	Listening on port 64172
Read port: 64172
1649893417232	RemoteAgent	WARN	TLS certificate errors will be ignored for this session
JavaScript warning: https://accounts.google.com/signin line 1 > eval line 1987 > eval line 1 > eval line 1 > eval, line 1: WEBGL_debug_renderer_info is deprecated in Firefox and will be removed. Please use RENDERER.
[Parent 6788, IPC I/O Parent] WARNING: file /builds/worker/checkouts/gecko/ipc/chromium/src/base/process_util_win.cc:167
1649893437714	Marionette	INFO	Stopped listening on port 64172

###!!! [Parent][PBackgroundParent] Error: Send(msgname=PBroadcastChannel::Msg___delete__) Channel closing: too late to send/recv, messages will be lost

1649893442514	geckodriver	INFO	Listening on 127.0.0.1:64229
1649893449988	mozrunner::runner	INFO	Running command: "C:\\Program Files\\Mozilla Firefox\\firefox.exe" "--marionette" "-no-remote" "-profile" "C:\\Users\\roher\\AppData\\Local\\Temp\\rust_mozprofilen99BRl"
1649893450325	Marionette	INFO	Marionette enabled
1649893451913	Marionette	INFO	Listening on port 64253
Read port: 64253
1649893451987	RemoteAgent	WARN	TLS certificate errors will be ignored for this session
JavaScript warning: https://accounts.google.com/signin line 1 > eval line 914 > eval line 1 > eval line 1 > eval, line 1: WEBGL_debug_renderer_info is deprecated in Firefox and will be removed. Please use RENDERER.
1649893475957	Marionette	INFO	Stopped listening on port 64253

###!!! [Parent][PContentParent] Error: Send(msgname=PContent::Msg_DestroyBrowsingContextGroup) Closed channel: cannot send/recv

1649893498532	geckodriver	INFO	Listening on 127.0.0.1:64320
1649893506064	mozrunner::runner	INFO	Running command: "C:\\Program Files\\Mozilla Firefox\\firefox.exe" "--marionette" "-no-remote" "-profile" "C:\\Users\\roher\\AppData\\Local\\Temp\\rust_mozprofilezPP9Ff"
1649893506392	Marionette	INFO	Marionette enabled
1649893507914	Marionette	INFO	Listening on port 64343
Read port: 64343
1649893507989	RemoteAgent	WARN	TLS certificate errors will be ignored for this session
JavaScript warning: https://accounts.google.com/signin line 1 > eval line 3529 > eval line 1 > eval line 1 > eval, line 1: WEBGL_debug_renderer_info is deprecated in Firefox and will be removed. Please use RENDERER.
1649893648698	Marionette	INFO	Stopped listening on port 64343

###!!! [Child][PContentChild] Error: Send(msgname=PHttpChannel::Msg_RemoveCorsPreflightCacheEntry) Channel closing: too late to send/recv, messages will be lost


###!!! [Child][PContentChild] Error: Send(msgname=PHttpChannel::Msg_DeletingChannel) Channel closing: too late to send/recv, messages will be lost


###!!! [Child][PContentChild] Error: RunMessage(msgname=PContent::Msg_GeolocationUpdate) Channel closing: too late to send/recv, messages will be lost


###!!! [Child][PContentChild] Error: RunMessage(msgname=PWebSocket::Msg_OnStop) Channel closing: too late to send/recv, messages will be lost


###!!! [Child][PContentChild] Error: RunMessage(msgname=PSessionStorageObserver::Msg_Observe) Channel closing: too late to send/recv, messages will be lost


###!!! [Child][PContentChild] Error: RunMessage(msgname=PContent::Msg_DestroyBrowsingContextGroup) Channel closing: too late to send/recv, messages will be lost


###!!! [Child][PContentChild] Error: RunMessage(msgname=PHttpChannel::Msg_DeleteSelf) Channel closing: too late to send/recv, messages will be lost


###!!! [Child][PContentChild] Error: RunMessage(msgname=PContent::Msg_DestroyBrowsingContextGroup) Channel closing: too late to send/recv, messages will be lost

1649893656979	geckodriver	INFO	Listening on 127.0.0.1:64524
1649893664487	mozrunner::runner	INFO	Running command: "C:\\Program Files\\Mozilla Firefox\\firefox.exe" "--marionette" "-no-remote" "-profile" "C:\\Users\\roher\\AppData\\Local\\Temp\\rust_mozprofileIfP1nd"
1649893664790	Marionette	INFO	Marionette enabled
1649893666286	Marionette	INFO	Listening on port 64547
Read port: 64547
1649893666393	RemoteAgent	WARN	TLS certificate errors will be ignored for this session
JavaScript warning: https://accounts.google.com/signin line 1 > eval line 7524 > eval line 1 > eval line 1 > eval, line 1: WEBGL_debug_renderer_info is deprecated in Firefox and will be removed. Please use RENDERER.

###!!! [Parent][PBackgroundParent] Error: RunMessage(msgname=PBackgroundIDBDatabase::Msg_Close) Channel closing: too late to send/recv, messages will be lost


###!!! [Parent][PBackgroundParent] Error: RunMessage(msgname=PBackgroundIDBDatabase::Msg_Close) Channel closing: too late to send/recv, messages will be lost


###!!! [Parent][PBackgroundParent] Error: RunMessage(msgname=PBackgroundIDBDatabase::Msg_Close) Channel closing: too late to send/recv, messages will be lost


###!!! [Parent][PBackgroundParent] Error: RunMessage(msgname=PBackgroundIDBDatabase::Msg_Close) Channel closing: too late to send/recv, messages will be lost


###!!! [Parent][PBackgroundParent] Error: RunMessage(msgname=PBroadcastChannel::Msg_Close) Channel closing: too late to send/recv, messages will be lost

1649893749864	Marionette	INFO	Stopped listening on port 64547

###!!! [Child][PContentChild] Error: RunMessage(msgname=PWebSocket::Msg___delete__) Channel closing: too late to send/recv, messages will be lost


###!!! [Parent][PGPUParent] Error: RunMessage(msgname=PGPU::Msg_ShutdownVR) Channel closing: too late to send/recv, messages will be lost

1649893756110	geckodriver	INFO	Listening on 127.0.0.1:64651
1649893763379	mozrunner::runner	INFO	Running command: "C:\\Program Files\\Mozilla Firefox\\firefox.exe" "--marionette" "-no-remote" "-profile" "C:\\Users\\roher\\AppData\\Local\\Temp\\rust_mozprofileQ63dA1"
1649893763673	Marionette	INFO	Marionette enabled
1649893765169	Marionette	INFO	Listening on port 64675
Read port: 64675
1649893765299	RemoteAgent	WARN	TLS certificate errors will be ignored for this session
JavaScript warning: https://accounts.google.com/signin line 1 > eval line 2933 > eval line 1 > eval line 1 > eval, line 1: WEBGL_debug_renderer_info is deprecated in Firefox and will be removed. Please use RENDERER.
1649893787006	Marionette	INFO	Stopped listening on port 64675
1649893791158	geckodriver	INFO	Listening on 127.0.0.1:64751
1649893798531	mozrunner::runner	INFO	Running command: "C:\\Program Files\\Mozilla Firefox\\firefox.exe" "--marionette" "-no-remote" "-profile" "C:\\Users\\roher\\AppData\\Local\\Temp\\rust_mozprofile6k2Kt6"
1649893798825	Marionette	INFO	Marionette enabled
1649893800321	Marionette	INFO	Listening on port 64773
Read port: 64773
1649893800445	RemoteAgent	WARN	TLS certificate errors will be ignored for this session
JavaScript warning: https://accounts.google.com/signin line 1 > eval line 6360 > eval line 1 > eval line 1 > eval, line 1: WEBGL_debug_renderer_info is deprecated in Firefox and will be removed. Please use RENDERER.

###!!! [Parent][PBackgroundParent] Error: RunMessage(msgname=PBackgroundIDBDatabase::Msg_Close) Channel closing: too late to send/recv, messages will be lost

1649893846816	Marionette	INFO	Stopped listening on port 64773

###!!! [Parent][PBackgroundParent] Error: RunMessage(msgname=PBackgroundIDBDatabase::Msg_Close) Channel closing: too late to send/recv, messages will be lost


###!!! [Parent][PContentParent] Error: Send(msgname=PContent::Msg_DestroyBrowsingContextGroup) Closed channel: cannot send/recv


###!!! [Child][PContentChild] Error: RunMessage(msgname=PContent::Reply_DiscardBrowsingContext) Channel closing: too late to send/recv, messages will be lost


###!!! [Child][PContentChild] Error: RunMessage(msgname=PContent::Msg_DestroyBrowsingContextGroup) Channel closing: too late to send/recv, messages will be lost


###!!! [Child][PContentChild] Error: RunMessage(msgname=PContent::Reply_DiscardBrowsingContext) Channel closing: too late to send/recv, messages will be lost

1649911463514	geckodriver	INFO	Listening on 127.0.0.1:49522
1649911472382	mozrunner::runner	INFO	Running command: "C:\\Program Files\\Mozilla Firefox\\firefox.exe" "--marionette" "-no-remote" "-profile" "C:\\Users\\roher\\AppData\\Local\\Temp\\rust_mozprofilefZd4nV"
1649911472860	Marionette	INFO	Marionette enabled
1649911474673	Marionette	INFO	Listening on port 49560
Read port: 49560
1649911474815	RemoteAgent	WARN	TLS certificate errors will be ignored for this session
JavaScript warning: https://accounts.google.com/signin line 1 > eval line 3905 > eval line 1 > eval line 1 > eval, line 1: WEBGL_debug_renderer_info is deprecated in Firefox and will be removed. Please use RENDERER.
JavaScript error: resource://gre/modules/AsyncShutdown.jsm, line 575: NotFoundError: No such JSWindowActor 'DevToolsFrame'
1649911650768	Marionette	INFO	Stopped listening on port 49560

###!!! [Child][PContentChild] Error: RunMessage(msgname=PHttpChannel::Msg_DeleteSelf) Channel closing: too late to send/recv, messages will be lost

1649911684271	geckodriver	INFO	Listening on 127.0.0.1:49886
1649911691940	mozrunner::runner	INFO	Running command: "C:\\Program Files\\Mozilla Firefox\\firefox.exe" "--marionette" "-no-remote" "-profile" "C:\\Users\\roher\\AppData\\Local\\Temp\\rust_mozprofileNedmnk"
1649911692285	Marionette	INFO	Marionette enabled
1649911693944	Marionette	INFO	Listening on port 49917
Read port: 49917
1649911693996	RemoteAgent	WARN	TLS certificate errors will be ignored for this session
JavaScript warning: https://accounts.google.com/signin line 1 > eval line 4221 > eval line 1 > eval line 1 > eval, line 1: WEBGL_debug_renderer_info is deprecated in Firefox and will be removed. Please use RENDERER.
1649911717119	Marionette	INFO	Stopped listening on port 49917

###!!! [Parent][PContentParent] Error: Send(msgname=PContent::Msg_DestroyBrowsingContextGroup) Closed channel: cannot send/recv


###!!! [Child][PContentChild] Error: RunMessage(msgname=PContent::Reply_DiscardBrowsingContext) Channel closing: too late to send/recv, messages will be lost

[Parent 11720, IPC I/O Parent] WARNING: file /builds/worker/checkouts/gecko/ipc/chromium/src/base/process_util_win.cc:167

###!!! [Parent][PBackgroundParent] Error: RunMessage(msgname=PRemoteWorkerService::Msg___delete__) Channel closing: too late to send/recv, messages will be lost

1649911727308	geckodriver	INFO	Listening on 127.0.0.1:50013
1649911734930	mozrunner::runner	INFO	Running command: "C:\\Program Files\\Mozilla Firefox\\firefox.exe" "--marionette" "-no-remote" "-profile" "C:\\Users\\roher\\AppData\\Local\\Temp\\rust_mozprofile0KKxg2"
1649911735265	Marionette	INFO	Marionette enabled
1649911736823	Marionette	INFO	Listening on port 50040
Read port: 50040
1649911736947	RemoteAgent	WARN	TLS certificate errors will be ignored for this session
JavaScript warning: https://accounts.google.com/signin line 1 > eval line 6656 > eval line 1 > eval line 1 > eval, line 1: WEBGL_debug_renderer_info is deprecated in Firefox and will be removed. Please use RENDERER.
1649911764130	Marionette	INFO	Stopped listening on port 50040

###!!! [Parent][PContentParent] Error: Send(msgname=PContent::Msg_DestroyBrowsingContextGroup) Closed channel: cannot send/recv


###!!! [Parent][PGPUParent] Error: RunMessage(msgname=PGPU::Msg_ShutdownVR) Channel closing: too late to send/recv, messages will be lost

1649911770320	geckodriver	INFO	Listening on 127.0.0.1:50140
1649911777882	mozrunner::runner	INFO	Running command: "C:\\Program Files\\Mozilla Firefox\\firefox.exe" "--marionette" "-no-remote" "-profile" "C:\\Users\\roher\\AppData\\Local\\Temp\\rust_mozprofileLeZyvw"
1649911778214	Marionette	INFO	Marionette enabled
1649911779804	Marionette	INFO	Listening on port 50171
Read port: 50171
1649911779931	RemoteAgent	WARN	TLS certificate errors will be ignored for this session
JavaScript warning: https://accounts.google.com/signin line 1 > eval line 674 > eval line 1 > eval line 1 > eval, line 1: WEBGL_debug_renderer_info is deprecated in Firefox and will be removed. Please use RENDERER.

###!!! [Child][PContentChild] Error: RunMessage(msgname=PContent::Msg_DiscardWindowContext) Channel closing: too late to send/recv, messages will be lost

[Parent 22220, IPC I/O Parent] WARNING: DuplicateHandle failed for handle 0 in TransferHandles: file /builds/worker/checkouts/gecko/ipc/chromium/src/chrome/common/ipc_channel_win.cc:725
1649911798221	Marionette	INFO	Stopped listening on port 50171

###!!! [Parent][PContentParent] Error: Send(msgname=PContent::Msg_DestroyBrowsingContextGroup) Closed channel: cannot send/recv


###!!! [Child][PContentChild] Error: RunMessage(msgname=PContent::Reply_DiscardBrowsingContext) Channel closing: too late to send/recv, messages will be lost

1649911888232	geckodriver	INFO	Listening on 127.0.0.1:50355
1649911895584	mozrunner::runner	INFO	Running command: "C:\\Program Files\\Mozilla Firefox\\firefox.exe" "--marionette" "-no-remote" "-profile" "C:\\Users\\roher\\AppData\\Local\\Temp\\rust_mozprofile6Ou2Pa"
1649911895964	Marionette	INFO	Marionette enabled
1649911897529	Marionette	INFO	Listening on port 50388
Read port: 50388
1649911897604	RemoteAgent	WARN	TLS certificate errors will be ignored for this session
JavaScript warning: https://accounts.google.com/signin line 1 > eval line 3869 > eval line 1 > eval line 1 > eval, line 1: WEBGL_debug_renderer_info is deprecated in Firefox and will be removed. Please use RENDERER.
1649911922232	Marionette	INFO	Stopped listening on port 50388

###!!! [Child][PContentChild] Error: RunMessage(msgname=PSessionStorageObserver::Msg_Observe) Channel closing: too late to send/recv, messages will be lost


###!!! [Child][PContentChild] Error: RunMessage(msgname=PContent::Msg_DestroyBrowsingContextGroup) Channel closing: too late to send/recv, messages will be lost

1649911927439	geckodriver	INFO	Listening on 127.0.0.1:50485
1649911934847	mozrunner::runner	INFO	Running command: "C:\\Program Files\\Mozilla Firefox\\firefox.exe" "--marionette" "-no-remote" "-profile" "C:\\Users\\roher\\AppData\\Local\\Temp\\rust_mozprofileOPzg0h"
1649911935247	Marionette	INFO	Marionette enabled
1649911936779	Marionette	INFO	Listening on port 50518
Read port: 50518
1649911936887	RemoteAgent	WARN	TLS certificate errors will be ignored for this session
JavaScript warning: https://accounts.google.com/signin line 1 > eval line 5955 > eval line 1 > eval line 1 > eval, line 1: WEBGL_debug_renderer_info is deprecated in Firefox and will be removed. Please use RENDERER.

###!!! [Child][PContentChild] Error: RunMessage(msgname=PContent::Reply_DiscardBrowsingContext) Channel closing: too late to send/recv, messages will be lost

1649912076813	Marionette	INFO	Stopped listening on port 50518

###!!! [Parent][PContentParent] Error: Send(msgname=PContent::Msg_DestroyBrowsingContextGroup) Closed channel: cannot send/recv


###!!! [Child][PContentChild] Error: RunMessage(msgname=PContent::Msg_DiscardWindowContext) Channel closing: too late t1649912078812	Marionette	INFO	Listening on port 50777
Read port: 50777
1649912078959	RemoteAgent	WARN	TLS certificate errors will be ignored for this session
JavaScript warning: https://accounts.google.com/signin line 1 > eval line 686 > eval line 1 > eval line 1 > eval, line 1: WEBGL_debug_renderer_info is deprecated in Firefox and will be removed. Please use RENDERER.
1649912090249	Marionette	INFO	Stopped listening on port 50777

###!!! [Parent][PContentParent] Error: Send(msgname=PContent::Msg_DestroyBrowsingContextGroup) Closed channel: cannot send/recv


###!!! [Child][PContentChild] Error: RunMessage(msgname=PContent::Reply_DiscardBrowsingContext) Channel closing: too late to send/recv, messages will be lost

1649912132210	geckodriver	INFO	Listening on 127.0.0.1:50958
1649912139608	mozrunner::runner	INFO	Running command: "C:\\Program Files\\Mozilla Firefox\\firefox.exe" "--marionette" "-no-remote" "-profile" "C:\\Users\\roher\\AppData\\Local\\Temp\\rust_mozprofileGNHrKG"
1649912139958	Marionette	INFO	Marionette enabled
1649912141503	Marionette	INFO	Listening on port 50991
Read port: 50991
1649912141614	RemoteAgent	WARN	TLS certificate errors will be ignored for this session
JavaScript warning: https://accounts.google.com/signin line 1 > eval line 5978 > eval line 1 > eval line 1 > eval, line 1: WEBGL_debug_renderer_info is deprecated in Firefox and will be removed. Please use RENDERER.

###!!! [Child][PContentChild] Error: RunMessage(msgname=PContent::Reply_DiscardBrowsingContext) Channel closing: too late to send/recv, messages will be lost

1649912247346	geckodriver	INFO	Listening on 127.0.0.1:51164
1649912254816	mozrunner::runner	INFO	Running command: "C:\\Program Files\\Mozilla Firefox\\firefox.exe" "--marionette" "-no-remote" "-profile" "C:\\Users\\roher\\AppData\\Local\\Temp\\rust_mozprofilekJGn9B"
1649912255183	Marionette	INFO	Marionette enabled
1649912256686	Marionette	INFO	Listening on port 51198
Read port: 51198
1649912256743	RemoteAgent	WARN	TLS certificate errors will be ignored for this session
JavaScript warning: https://accounts.google.com/signin line 1 > eval line 1665 > eval line 1 > eval line 1 > eval, line 1: WEBGL_debug_renderer_info is deprecated in Firefox and will be removed. Please use RENDERER.

###!!! [Child][PContentChild] Error: Send(msgname=PContent::Msg_RecordDiscardedData) Channel closing: too late to send/recv, messages will be lost


###!!! [Parent][PBackgroundParent] Error: RunMessage(msgname=PBackgroundIDBDatabase::Msg_Close) Channel closing: too late to send/recv, messages will be lost

1649912426692	Marionette	INFO	Stopped listening on port 51198
1649912441066	geckodriver	INFO	Listening on 127.0.0.1:51504
1649912448550	mozrunner::runner	INFO	Running command: "C:\\Program Files\\Mozilla Firefox\\firefox.exe" "--marionette" "-no-remote" "-profile" "C:\\Users\\roher\\AppData\\Local\\Temp\\rust_mozprofileHI9hYC"
1649912448901	Marionette	INFO	Marionette enabled
1649912450395	Marionette	INFO	Listening on port 51536
Read port: 51536
1649912450481	RemoteAgent	WARN	TLS certificate errors will be ignored for this session
JavaScript warning: https://accounts.google.com/signin line 1 > eval line 3901 > eval line 1 > eval line 1 > eval, line 1: WEBGL_debug_renderer_info is deprecated in Firefox and will be removed. Please use RENDERER.
1649912510315	Marionette	INFO	Stopped listening on port 51536

###!!! [Child][PContentChild] Error: RunMessage(msgname=PWebSocket::Msg___delete__) Channel closing: too late to send/recv, messages will be lost


###!!! [Parent][PContentParent] Error: Send(msgname=PContent::Msg_DestroyBrowsingContextGroup) Closed channel: cannot send/recv


###!!! [Child][PContentChild] Error: RunMessage(msgname=PContent::Reply_DiscardBrowsingContext) Channel closing: too late to send/recv, messages will be lost

1649912523419	geckodriver	INFO	Listening on 127.0.0.1:51694
1649912530887	mozrunner::runner	INFO	Running command: "C:\\Program Files\\Mozilla Firefox\\firefox.exe" "--marionette" "-no-remote" "-profile" "C:\\Users\\roher\\AppData\\Local\\Temp\\rust_mozprofileVAPUD5"
1649912531233	Marionette	INFO	Marionette enabled
1649912532772	Marionette	INFO	Listening on port 51727
Read port: 51727
1649912532809	RemoteAgent	WARN	TLS certificate errors will be ignored for this session
JavaScript warning: https://accounts.google.com/signin line 1 > eval line 7524 > eval line 1 > eval line 1 > eval, line 1: WEBGL_debug_renderer_info is deprecated in Firefox and will be removed. Please use RENDERER.
1649912564928	Marionette	INFO	Stopped listening on port 51727
JavaScript error: chrome://remote/content/marionette/cert.js, line 55: NS_ERROR_NOT_AVAILABLE: Component returned failure code: 0x80040111 (NS_ERROR_NOT_AVAILABLE) [nsICertOverrideService.setDisableAllSecurityChecksAndLetAttackersInterceptMyData]
1649912574905	geckodriver	INFO	Listening on 127.0.0.1:51813
1649912582407	mozrunner::runner	INFO	Running command: "C:\\Program Files\\Mozilla Firefox\\firefox.exe" "--marionette" "-no-remote" "-profile" "C:\\Users\\roher\\AppData\\Local\\Temp\\rust_mozprofileZhFt3h"
1649912582768	Marionette	INFO	Marionette enabled
1649912584290	Marionette	INFO	Listening on port 51846
Read port: 51846
1649912584384	RemoteAgent	WARN	TLS certificate errors will be ignored for this session
JavaScript warning: https://accounts.google.com/signin line 1 > eval line 3860 > eval line 1 > eval line 1 > eval, line 1: WEBGL_debug_renderer_info is deprecated in Firefox and will be removed. Please use RENDERER.

###!!! [Parent][PBackgroundParent] Error: RunMessage(msgname=PBackgroundIDBDatabase::Msg_Close) Channel closing: too late to send/recv, messages will be lost


###!!! [Parent][PBackgroundParent] Error: RunMessage(msgname=PBackgroundIDBDatabase::Msg_Close) Channel closing: too late to send/recv, messages will be lost


###!!! [Parent][PBackgroundParent] Error: RunMessage(msgname=PBackgroundIDBDatabase::Msg_Close) Channel closing: too late to send/recv, messages will be lost


###!!! [Parent][PBackgroundParent] Error: RunMessage(msgname=PBackgroundIDBDatabase::Msg_Close) Channel closing: too late to send/recv, messages will be lost

console.warn: LoginRecipes: "getRecipes: falling back to a synchronous message for:" "https://www.google.com"
[Parent 9028, IPC I/O Parent] WARNING: DuplicateHandle failed for handle 0 in TransferHandles: file /builds/worker/checkouts/gecko/ipc/chromium/src/chrome/common/ipc_channel_win.cc:725
JavaScript error: resource://gre/modules/AsyncShutdown.jsm, line 575: NotFoundError: No such JSWindowActor 'DevToolsFrame'
JavaScript error: resource://gre/modules/AsyncShutdown.jsm, line 575: NotFoundError: No such JSWindowActor 'DevToolsFrame'
1649912932256	Marionette	INFO	Stopped listening on port 51846
JavaScript error: , line 0: TypeError: NetworkError when attempting to fetch resource.

###!!! [Parent][PContentParent] Error: Send(msgname=PContent::Msg_DestroyBrowsingContextGroup) Closed channel: cannot send/recv


###!!! [Child][PContentChild] Error: RunMessage(msgname=PContent::Msg_DestroyBrowsingContextGroup) Channel closing: too late to send/recv, messages will be lost

JavaScript error: , line 0: TypeError: NetworkError when attempting to fetch resource.
/style-change-tracker.js", 67))
TypeError: parent is null: canMutationImpactCurrentStyles@resource://devtools/client/inspector/shared/style-change-tracker.js:67:24
onMutations@resource://devtools/client/inspector/shared/style-change-tracker.js:84:41
_emit@resource://devtools/shared/event-emitter.js:242:32
emit@resource://devtools/shared/event-emitter.js:186:18
emit@resource://devtools/shared/event-emitter.js:330:18
getMutations@resource://devtools/client/fronts/walker.js:312:10

console.error: "Error writing response to: getApplied"
console.error: "Error while calling actor 'pagestyle's method 'getApplied'" "Attempted to write a response containing a destroyed actor"
console.error: (new Error("Attempted to write a response containing a destroyed actor", "resource://devtools/shared/protocol/types.js", 355))
JavaScript error: resource://devtools/server/actors/page-style.js, line 570: TypeError: node is null
console.error: "Error while calling actor 'pagestyle's method 'getApplied'" "node is null"
console.error: (new TypeError("node is null", "resource://devtools/server/actors/page-style.js", 570))
console.error: (new Error("Protocol error (TypeError): node is null from: server0.conn0.windowGlobal12884901889/pagestyle25 (resource://devtools/server/actors/page-style.js:570:5)", "resource://devtools/shared/protocol/Front.js", 365))
JavaScript error: resource://gre/modules/AsyncShutdown.jsm, line 575: NotFoundError: No such JSWindowActor 'DevToolsFrame'
JavaScript error: resource://gre/modules/AsyncShutdown.jsm, line 575: NotFoundError: No such JSWindowActor 'DevToolsFrame'
1649912929407	Marionette	INFO	Stopped listening on port 52297

###!!! [Parent][PContentParent] Error: Send(msgname=PContent::Msg_DestroyBrowsingContextGroup) Closed channel: cannot send/recv


###!!! [Child][PContentChild] Error: RunMessage(msgname=PContent::Reply_DiscardBrowsingContext) Channel closing: too late to send/recv, messages will be lost

1649912941941	geckodriver	INFO	Listening on 127.0.0.1:52454
1649912949416	mozrunner::runner	INFO	Running command: "C:\\Program Files\\Mozilla Firefox\\firefox.exe" "--marionette" "-no-remote" "-profile" "C:\\Users\\roher\\AppData\\Local\\Temp\\rust_mozprofileI8smlP"
1649912949777	Marionette	INFO	Marionette enabled
1649912951211	Marionette	INFO	Listening on port 52486
Read port: 52486
1649912951291	RemoteAgent	WARN	TLS certificate errors will be ignored for this session
JavaScript warning: https://accounts.google.com/signin line 1 > eval line 7662 > eval line 1 > eval line 1 > eval, line 1: WEBGL_debug_renderer_info is deprecated in Firefox and will be removed. Please use RENDERER.
JavaScript error: resource://gre/modules/AsyncShutdown.jsm, line 575: NotFoundError: No such JSWindowActor 'DevToolsFrame'
1649913124854	Marionette	INFO	Stopped listening on port 52486

###!!! [Parent][PContentParent] Error: Send(msgname=PContent::Msg_DestroyBrowsingContextGroup) Closed channel: cannot send/recv


###!!! [Parent][PGPUParent] Error: RunMessage(msgname=PGPU::Msg_ShutdownVR) Channel closing: too late to send/recv, messages will be lost

1649913131521	geckodriver	INFO	Listening on 127.0.0.1:52814
1649913138968	mozrunner::runner	INFO	Running command: "C:\\Program Files\\Mozilla Firefox\\firefox.exe" "--marionette" "-no-remote" "-profile" "C:\\Users\\roher\\AppData\\Local\\Temp\\rust_mozprofilecjtoxg"
1649913139315	Marionette	INFO	Marionette enabled
1649913140715	Marionette	INFO	Listening on port 52845
Read port: 52845
1649913140775	RemoteAgent	WARN	TLS certificate errors will be ignored for this session
JavaScript warning: https://accounts.google.com/signin line 1 > eval line 1312 > eval line 1 > eval line 1 > eval, line 1: WEBGL_debug_renderer_info is deprecated in Firefox and will be removed. Please use RENDERER.
1649913481195	Marionette	INFO	Stopped listening on port 52845

###!!! [Parent][PGPUParent] Error: RunMessage(msgname=PGPU::Msg_ShutdownVR) Channel closing: too late to send/recv, messages will be lost

\\Users\\roher\\AppData\\Local\\Temp\\rust_mozprofilepNvm1I"
1649913235178	Marionette	INFO	Marionette enabled
1649913236841	Marionette	INFO	Listening on port 53039
Read port: 53039
1649913236958	RemoteAgent	WARN	TLS certificate errors will be ignored for this session
JavaScript warning: https://accounts.google.com/signin line 1 > eval line 737 > eval line 1 > eval line 1 > eval, line 1: WEBGL_debug_renderer_info is deprecated in Firefox and will be removed. Please use RENDERER.

###!!! [Parent][PBackgroundParent] Error: RunMessage(msgname=PBackgroundIDBDatabase::Msg_Close) Channel closing: too late to send/recv, messages will be lost


###!!! [Parent][PBackgroundParent] Error: RunMessage(msgname=PBackgroundIDBDatabase::Msg_Close) Channel closing: too late to send/recv, messages will be lost


###!!! [Parent][PBackgroundParent] Error: RunMessage(msgname=PBackgroundIDBDatabase::Msg_Close) Channel closing: too late to send/recv, messages will be lost

1649913481070	Marionette	INFO	Stopped listening on port 53039

###!!! [Parent][PContentParent] Error: Send(msgname=PContent::Msg_DestroyBrowsingContextGroup) Closed channel: cannot send/recv


###!!! [Child][PContentChild] Error: RunMessage(msgname=PContent::Msg_GeolocationError) Channel closing: too late to send/recv, messages will be lost


###!!! [Child][PContentChild] Error: RunMessage(msgname=PContent::Reply_DiscardBrowsingContext) Channel closing: too late to send/recv, messages will be lost


###!!! [Child][PContentChild] Error: Send(msgname=PBrowser::Msg___delete__) Channel closing: too late to send/recv, messages will be lost

ll be removed. Please use RENDERER.
1649913481155	Marionette	INFO	Stopped listening on port 53378

###!!! [Child][PContentChild] Error: Send(msgname=PNecko::Msg_RemoveRequestContext) Channel closing: too late to send/recv, messages will be lost


###!!! [Parent][PContentParent] Error: Send(msgname=PContent::Msg_DestroyBrowsingContextGroup) Closed channel: cannot send/recv


###!!! [Child][PContentChild] Error: Send(msgname=PContent::Reply_DiscardWindowContext) Channel closing: too late to send/recv, messages will be lost


###!!! [Parent][PContentParent] Error: Send(msgname=PContent::Msg_DestroyBrowsingContextGroup) Closed channel: cannot send/recv

1649913499894	geckodriver	INFO	Listening on 127.0.0.1:53524
1649913507356	mozrunner::runner	INFO	Running command: "C:\\Program Files\\Mozilla Firefox\\firefox.exe" "--marionette" "-no-remote" "-profile" "C:\\Users\\roher\\AppData\\Local\\Temp\\rust_mozprofileszXa9K"
1649913507726	Marionette	INFO	Marionette enabled
1649913509233	Marionette	INFO	Listening on port 53555
Read port: 53555
1649913509287	RemoteAgent	WARN	TLS certificate errors will be ignored for this session
JavaScript warning: https://accounts.google.com/signin line 1 > eval line 4274 > eval line 1 > eval line 1 > eval, line 1: WEBGL_debug_renderer_info is deprecated in Firefox and will be removed. Please use RENDERER.
1649913601595	Marionette	INFO	Stopped listening on port 53555

###!!! [Parent][PContentParent] Error: Send(msgname=PContent::Msg_DestroyBrowsingContextGroup) Closed channel: cannot send/recv


###!!! [Child][PContentChild] Error: RunMessage(msgname=PContent::Reply_DiscardBrowsingContext) Channel closing: too late to send/recv, messages will be lost


###!!! [Child][PContentChild] Error: Send(msgname=PBrowser::Msg___delete__) Channel closing: too late to send/recv, messages will be lost

://accounts.google.com/signin line 1 > eval line 1637 > eval line 1 > eval line 1 > eval, line 1: WEBGL_debug_renderer_info is deprecated in Firefox and will be removed. Please use RENDERER.
1649913601451	Marionette	INFO	Stopped listening on port 53717

###!!! [Parent][PContentParent] Error: Send(msgname=PContent::Msg_DestroyBrowsingContextGroup) Closed channel: cannot send/recv

1649913609351	geckodriver	INFO	Listening on 127.0.0.1:53819
1649913616829	mozrunner::runner	INFO	Running command: "C:\\Program Files\\Mozilla Firefox\\firefox.exe" "--marionette" "-no-remote" "-profile" "C:\\Users\\roher\\AppData\\Local\\Temp\\rust_mozprofile3Zucb6"
1649913617222	Marionette	INFO	Marionette enabled
1649913618701	Marionette	INFO	Listening on port 53850
Read port: 53850
1649913618728	RemoteAgent	WARN	TLS certificate errors will be ignored for this session
JavaScript warning: https://accounts.google.com/signin line 1 > eval line 2675 > eval line 1 > eval line 1 > eval, line 1: WEBGL_debug_renderer_info is deprecated in Firefox and will be removed. Please use RENDERER.
1649982128638	geckodriver	INFO	Listening on 127.0.0.1:61294
1649982136893	mozrunner::runner	INFO	Running command: "C:\\Program Files\\Mozilla Firefox\\firefox.exe" "--marionette" "-no-remote" "-profile" "C:\\Users\\roher\\AppData\\Local\\Temp\\rust_mozprofile0Y1O7f"
1649982137344	Marionette	INFO	Marionette enabled
1649982139302	Marionette	INFO	Listening on port 61325
Read port: 61325
1649982139365	RemoteAgent	WARN	TLS certificate errors will be ignored for this session

###!!! [Child][PContentChild] Error: Send(msgname=PContent::Msg_AsyncMessage) Channel closing: too late to send/recv, messages will be lost

JavaScript warning: https://accounts.google.com/signin line 1 > eval line 2730 > eval line 1 > eval line 1 > eval, line 1: WEBGL_debug_renderer_info is deprecated in Firefox and will be removed. Please use RENDERER.
JavaScript error: https://www.twitch.tv/alehr343, line 1: Error: Loading CSS chunk 54142 failed.
(https://static.twitchcdn.net/assets/features.community-points.components.reward-center-e3e6bd2c237b22f921a8.css)

###!!! [Child][PContentChild] Error: RunMessage(msgname=PContent::Msg_CommitBrowsingContextTransaction) Channel closing: too late to send/recv, messages will be lost

1649982182270	Marionette	INFO	Stopped listening on port 61325
1649982186726	geckodriver	INFO	Listening on 127.0.0.1:61458
1649982194895	mozrunner::runner	INFO	Running command: "C:\\Program Files\\Mozilla Firefox\\firefox.exe" "--marionette" "-no-remote" "-profile" "C:\\Users\\roher\\AppData\\Local\\Temp\\rust_mozprofileOGvkxr"
1649982195267	Marionette	INFO	Marionette enabled
1649982196833	Marionette	INFO	Listening on port 61481
Read port: 61481
1649982196949	RemoteAgent	WARN	TLS certificate errors will be ignored for this session
JavaScript warning: https://accounts.google.com/signin line 1 > eval line 6782 > eval line 1 > eval line 1 > eval, line 1: WEBGL_debug_renderer_info is deprecated in Firefox and will be removed. Please use RENDERER.
JavaScript error: resource://devtools/server/connectors/js-window-actor/DevToolsFrameParent.jsm, line 217: TypeError: watcher is undefined
JavaScript error: resource://devtools/server/connectors/js-window-actor/DevToolsFrameParent.jsm, line 217: TypeError: watcher is undefined
JavaScript error: resource://gre/modules/AsyncShutdown.jsm, line 575: NotFoundError: No such JSWindowActor 'DevToolsFrame'
JavaScript error: resource://gre/modules/AsyncShutdown.jsm, line 575: NotFoundError: No such JSWindowActor 'DevToolsFrame'
1649982531422	Marionette	INFO	Stopped listening on port 61481

###!!! [Parent][PGPUParent] Error: RunMessage(msgname=PGPU::Msg_ShutdownVR) Channel closing: too late to send/recv, messages will be lost

1649982716303	geckodriver	INFO	Listening on 127.0.0.1:58149
1649982724418	mozrunner::runner	INFO	Running command: "C:\\Program Files\\Mozilla Firefox\\firefox.exe" "--marionette" "-no-remote" "-profile" "C:\\Users\\roher\\AppData\\Local\\Temp\\rust_mozprofile2bzd8Y"
1649982724800	Marionette	INFO	Marionette enabled
1649982726477	Marionette	INFO	Listening on port 58180
Read port: 58180
1649982726589	RemoteAgent	WARN	TLS certificate errors will be ignored for this session
JavaScript warning: https://accounts.google.com/signin line 1 > eval line 2059 > eval line 1 > eval line 1 > eval, line 1: WEBGL_debug_renderer_info is deprecated in Firefox and will be removed. Please use RENDERER.
1649987867199	Marionette	INFO	Stopped listening on port 58180

###!!! [Parent][PBackgroundParent] Error: RunMessage(msgname=PRemoteWorkerService::Msg___delete__) Channel closing: too late to send/recv, messages will be lost

1649988930318	geckodriver	INFO	Listening on 127.0.0.1:58997
1649988937993	mozrunner::runner	INFO	Running command: "C:\\Program Files\\Mozilla Firefox\\firefox.exe" "--marionette" "-no-remote" "-profile" "C:\\Users\\roher\\AppData\\Local\\Temp\\rust_mozprofilerihzHe"
1649988938343	Marionette	INFO	Marionette enabled
1649988939969	Marionette	INFO	Listening on port 59021
Read port: 59021
1649988940028	RemoteAgent	WARN	TLS certificate errors will be ignored for this session
JavaScript warning: https://accounts.google.com/signin line 1 > eval line 2745 > eval line 1 > eval line 1 > eval, line 1: WEBGL_debug_renderer_info is deprecated in Firefox and will be removed. Please use RENDERER.
JavaScript error: , line 0: uncaught exception: undefined
1649988976070	Marionette	INFO	Stopped listening on port 59021
1649988982538	geckodriver	INFO	Listening on 127.0.0.1:59150
1649988989838	mozrunner::runner	INFO	Running command: "C:\\Program Files\\Mozilla Firefox\\firefox.exe" "--marionette" "-no-remote" "-profile" "C:\\Users\\roher\\AppData\\Local\\Temp\\rust_mozprofile4Ry3Ob"
1649988990149	Marionette	INFO	Marionette enabled
1649988991605	Marionette	INFO	Listening on port 59173
Read port: 59173
1649988991664	RemoteAgent	WARN	TLS certificate errors will be ignored for this session
JavaScript warning: https://accounts.google.com/signin line 1 > eval line 5608 > eval line 1 > eval line 1 > eval, line 1: WEBGL_debug_renderer_info is deprecated in Firefox and will be removed. Please use RENDERER.
1649989137987	Marionette	INFO	Stopped listening on port 59173

###!!! [Child][PContentChild] Error: RunMessage(msgname=PWebSocket::Msg___delete__) Channel closing: too late to send/recv, messages will be lost

1649989314615	geckodriver	INFO	Listening on 127.0.0.1:59653
1649989322554	mozrunner::runner	INFO	Running command: "C:\\Program Files\\Mozilla Firefox\\firefox.exe" "--marionette" "-no-remote" "-profile" "C:\\Users\\roher\\AppData\\Local\\Temp\\rust_mozprofileuBekkJ"
1649989322945	Marionette	INFO	Marionette enabled
1649989325304	Marionette	INFO	Listening on port 59703
Read port: 59703
1649989325378	RemoteAgent	WARN	TLS certificate errors will be ignored for this session
JavaScript warning: https://accounts.google.com/signin line 1 > eval line 6421 > eval line 1 > eval line 1 > eval, line 1: WEBGL_debug_renderer_info is deprecated in Firefox and will be removed. Please use RENDERER.
[Parent 22372, IPC I/O Parent] WARNING: DuplicateHandle failed for handle 0 in TransferHandles: file /builds/worker/checkouts/gecko/ipc/chromium/src/chrome/common/ipc_channel_win.cc:725

###!!! [Child][PContentChild] Error: Send(msgname=PHttpChannel::Msg_DeletingChannel) Channel closing: too late to send/recv, messages will be lost

JavaScript error: https://www.twitch.tv/alehr343, line 1: ChunkLoadError: Loading chunk 54142 failed.
(error: https://static.twitchcdn.net/assets/features.community-points.components.reward-center-2c417a866a7964ec18a3.js)
JavaScript error: , line 0: uncaught exception: undefined
1649989356151	Marionette	INFO	Stopped listening on port 59703

###!!! [Child][PContentChild] Error: RunMessage(msgname=PContent::Msg_DestroyBrowsingContextGroup) Channel closing: too late to send/recv, messages will be lost

1649989361901	geckodriver	INFO	Listening on 127.0.0.1:59858
1649989369334	mozrunner::runner	INFO	Running command: "C:\\Program Files\\Mozilla Firefox\\firefox.exe" "--marionette" "-no-remote" "-profile" "C:\\Users\\roher\\AppData\\Local\\Temp\\rust_mozprofilepCfVBK"
1649989369689	Marionette	INFO	Marionette enabled
1649989371095	Marionette	INFO	Listening on port 59889
Read port: 59889
1649989371156	RemoteAgent	WARN	TLS certificate errors will be ignored for this session
JavaScript warning: https://accounts.google.com/signin line 1 > eval line 652 > eval line 1 > eval line 1 > eval, line 1: WEBGL_debug_renderer_info is deprecated in Firefox and will be removed. Please use RENDERER.

###!!! [Child][PContentChild] Error: RunMessage(msgname=PContent::Reply_DiscardBrowsingContext) Channel closing: too late to send/recv, messages will be lost


###!!! [Child][PContentChild] Error: RunMessage(msgname=PContent::Msg_DiscardWindowContext) Channel closing: too late to send/recv, messages will be lost


###!!! [Child][PContentChild] Error: RunMessage(msgname=PContent::Msg_DiscardWindowContext) Channel closing: too late to send/recv, messages will be lost


###!!! [Child][PContentChild] Error: RunMessage(msgname=PContent::Reply_DiscardBrowsingContext) Channel closing: too late to send/recv, messages will be lost

[Child 14768, MediaDecoderStateMachine #1] WARNING: 1dc62ac69e0 Could not set cubeb stream name.: file /builds/worker/checkouts/gecko/dom/media/AudioStream.cpp:330

###!!! [Child][PContentChild] Error: RunMessage(msgname=PContent::Reply_DiscardBrowsingContext) Channel closing: too late to send/recv, messages will be lost


###!!! [Child][PContentChild] Error: RunMessage(msgname=PContent::Reply_DiscardBrowsingContext) Channel closing: too late to send/recv, messages will be lost


###!!! [Child][PContentChild] Error: RunMessage(msgname=PContent::Reply_DiscardBrowsingContext) Channel closing: too late to send/recv, messages will be lost


###!!! [Child][PContentChild] Error: RunMessage(msgname=PContent::Msg_DiscardWindowContext) Channel closing: too late to send/recv, messages will be lost


###!!! [Child][PContentChild] Error: RunMessage(msgname=PContent::Msg_DiscardWindowContext) Channel closing: too late to send/recv, messages will be lost

1649989398719	Marionette	INFO	Stopped listening on port 59889
[Parent 1612, IPC I/O Parent] WARNING: file /builds/worker/checkouts/gecko/ipc/chromium/src/base/process_util_win.cc:167

###!!! [Parent][PGPUParent] Error: RunMessage(msgname=PGPU::Msg_ShutdownVR) Channel closing: too late to send/recv, messages will be lost

1649989796858	geckodriver	INFO	Listening on 127.0.0.1:60455
1649989804619	mozrunner::runner	INFO	Running command: "C:\\Program Files\\Mozilla Firefox\\firefox.exe" "--marionette" "-no-remote" "-profile" "C:\\Users\\roher\\AppData\\Local\\Temp\\rust_mozprofilerZi44g"
1649989804969	Marionette	INFO	Marionette enabled
1649989806496	Marionette	INFO	Listening on port 60487
Read port: 60487
1649989806554	RemoteAgent	WARN	TLS certificate errors will be ignored for this session
JavaScript warning: https://accounts.google.com/signin line 1 > eval line 5261 > eval line 1 > eval line 1 > eval, line 1: WEBGL_debug_renderer_info is deprecated in Firefox and will be removed. Please use RENDERER.
JavaScript error: https://www.twitch.tv/alehr343, line 1: Error: Loading CSS chunk 54142 failed.
(https://static.twitchcdn.net/assets/features.community-points.components.reward-center-e3e6bd2c237b22f921a8.css)
JavaScript error: , line 0: uncaught exception: undefined
1649990127444	Marionette	INFO	Stopped listening on port 60487
JavaScript error: , line 0: TypeError: NetworkError when attempting to fetch resource.

###!!! [Parent][PContentParent] Error: Send(msgname=PContent::Msg_DestroyBrowsingContextGroup) Closed channel: cannot send/recv


###!!! [Child][PContentChild] Error: RunMessage(msgname=PWebSocket::Msg___delete__) Channel closing: too late to send/recv, messages will be lost


###!!! [Child][PContentChild] Error: RunMessage(msgname=PContent::Reply_DiscardBrowsingContext) Channel closing: too late to send/recv, messages will be lost

1649990313060	geckodriver	INFO	Listening on 127.0.0.1:61214
1649990320647	mozrunner::runner	INFO	Running command: "C:\\Program Files\\Mozilla Firefox\\firefox.exe" "--marionette" "-no-remote" "-profile" "C:\\Users\\roher\\AppData\\Local\\Temp\\rust_mozprofileUVumO3"
1649990321014	Marionette	INFO	Marionette enabled
1649990322455	Marionette	INFO	Listening on port 61246
Read port: 61246
1649990322580	RemoteAgent	WARN	TLS certificate errors will be ignored for this session
JavaScript warning: https://accounts.google.com/signin line 1 > eval line 4 > eval line 1 > eval line 1 > eval, line 1: WEBGL_debug_renderer_info is deprecated in Firefox and will be removed. Please use RENDERER.
JavaScript error: https://www.twitch.tv/alehr343, line 1: ChunkLoadError: Loading chunk 54142 failed.
(error: https://static.twitchcdn.net/assets/features.community-points.components.reward-center-2c417a866a7964ec18a3.js)
JavaScript error: , line 0: uncaught exception: undefined
1649990485478	Marionette	INFO	Stopped listening on port 61246

###!!! [Child][PContentChild] Error: RunMessage(msgname=PHttpChannel::Msg_DeleteSelf) Channel closing: too late to send/recv, messages will be lost

[Parent 20884, IPC I/O Parent] WARNING: file /builds/worker/checkouts/gecko/ipc/chromium/src/base/process_util_win.cc:167
1649990492288	geckodriver	INFO	Listening on 127.0.0.1:61586
1649990499928	mozrunner::runner	INFO	Running command: "C:\\Program Files\\Mozilla Firefox\\firefox.exe" "--marionette" "-no-remote" "-profile" "C:\\Users\\roher\\AppData\\Local\\Temp\\rust_mozprofilexumqqk"
1649990500320	Marionette	INFO	Marionette enabled
1649990501771	Marionette	INFO	Listening on port 61619
Read port: 61619
1649990501845	RemoteAgent	WARN	TLS certificate errors will be ignored for this session
JavaScript warning: https://accounts.google.com/signin line 1 > eval line 741 > eval line 1 > eval line 1 > eval, line 1: WEBGL_debug_renderer_info is deprecated in Firefox and will be removed. Please use RENDERER.

###!!! [Child][PContentChild] Error: RunMessage(msgname=PContent::Msg_DiscardWindowContext) Channel closing: too late to send/recv, messages will be lost

[Child 21844, MediaDecoderStateMachine #1] WARNING: 1d5acdf2820 Could not set cubeb stream name.: file /builds/worker/checkouts/gecko/dom/media/AudioStream.cpp:330

###!!! [Parent][PBackgroundParent] Error: RunMessage(msgname=PBackgroundIDBDatabase::Msg_Close) Channel closing: too late to send/recv, messages will be lost


###!!! [Parent][PBackgroundParent] Error: RunMessage(msgname=PBackgroundIDBDatabase::Msg_Close) Channel closing: too late to send/recv, messages will be lost

1649990788560	Marionette	INFO	Stopped listening on port 61619

###!!! [Parent][PContentParent] Error: Send(msgname=PContent::Msg_DestroyBrowsingContextGroup) Closed channel: cannot send/recv


###!!! [Child][PContentChild] Error: RunMessage(msgname=PContent::Msg_DiscardWindowContext) Channel closing: too late to send/recv, messages will be lost


###!!! [Child][PContentChild] Error: RunMessage(msgname=PContent::Reply_DiscardBrowsingContext) Channel closing: too late to send/recv, messages will be lost

le.com/signin line 1 > eval line 1323 > eval line 1 > eval line 1 > eval, line 1: WEBGL_debug_renderer_info is deprecated in Firefox and will be removed. Please use RENDERER.
[Child 13376, MediaDecoderStateMachine #1] WARNING: 1e08a2f3d60 Could not set cubeb stream name.: file /builds/worker/checkouts/gecko/dom/media/AudioStream.cpp:330
JavaScript error: https://www.twitch.tv/alehr343, line 1: ChunkLoadError: Loading chunk 54142 failed.
(error: https://static.twitchcdn.net/assets/features.community-points.components.reward-center-2c417a866a7964ec18a3.js)
1649990738141	Marionette	INFO	Stopped listening on port 61979
1649990741789	geckodriver	INFO	Listening on 127.0.0.1:62126
1649990749382	mozrunner::runner	INFO	Running command: "C:\\Program Files\\Mozilla Firefox\\firefox.exe" "--marionette" "-no-remote" "-profile" "C:\\Users\\roher\\AppData\\Local\\Temp\\rust_mozprofilei7XCZk"
1649990749753	Marionette	INFO	Marionette enabled
1649990751343	Marionette	INFO	Listening on port 62158
Read port: 62158
1649990751415	RemoteAgent	WARN	TLS certificate errors will be ignored for this session
JavaScript warning: https://accounts.google.com/signin line 1 > eval line 4554 > eval line 1 > eval line 1 > eval, line 1: WEBGL_debug_renderer_info is deprecated in Firefox and will be removed. Please use RENDERER.

###!!! [Child][PContentChild] Error: RunMessage(msgname=PContent::Reply_DiscardBrowsingContext) Channel closing: too late to send/recv, messages will be lost


###!!! [Child][PContentChild] Error: RunMessage(msgname=PContent::Msg_DestroyBrowsingContextGroup) Channel closing: too late to send/recv, messages will be lost

JavaScript error: https://www.twitch.tv/alehr343, line 1: Error: Loading CSS chunk 54142 failed.
(https://static.twitchcdn.net/assets/features.community-points.components.reward-center-e3e6bd2c237b22f921a8.css)
JavaScript error: , line 0: uncaught exception: undefined
1649990784928	Marionette	INFO	Stopped listening on port 62158
1649990795334	geckodriver	INFO	Listening on 127.0.0.1:62291
1649990802935	mozrunner::runner	INFO	Running command: "C:\\Program Files\\Mozilla Firefox\\firefox.exe" "--marionette" "-no-remote" "-profile" "C:\\Users\\roher\\AppData\\Local\\Temp\\rust_mozprofileJCUWtP"
1649990803334	Marionette	INFO	Marionette enabled
1649990804810	Marionette	INFO	Listening on port 62325
Read port: 62325
1649990804867	RemoteAgent	WARN	TLS certificate errors will be ignored for this session
JavaScript warning: https://accounts.google.com/signin line 1 > eval line 4104 > eval line 1 > eval line 1 > eval, line 1: WEBGL_debug_renderer_info is deprecated in Firefox and will be removed. Please use RENDERER.

###!!! [Child][PContentChild] Error: RunMessage(msgname=PContent::Msg_CommitWindowContextTransaction) Channel closing: too late to send/recv, messages will be lost


###!!! [Child][PContentChild] Error: RunMessage(msgname=PContent::Msg_CommitWindowContextTransaction) Channel closing: too late to send/recv, messages will be lost


###!!! [Child][PContentChild] Error: RunMessage(msgname=PContent::Msg_CommitBrowsingContextTransaction) Channel closing: too late to send/recv, messages will be lost


###!!! [Child][PContentChild] Error: RunMessage(msgname=PContent::Msg_DiscardWindowContext) Channel closing: too late to send/recv, messages will be lost


###!!! [Child][PContentChild] Error: RunMessage(msgname=PContent::Msg_CommitBrowsingContextTransaction) Channel closing: too late to send/recv, messages will be lost


###!!! [Child][PContentChild] Error: RunMessage(msgname=PContent::Msg_CommitBrowsingContextTransaction) Channel closing: too late to send/recv, messages will be lost


###!!! [Child][PContentChild] Error: RunMessage(msgname=PContent::Msg_CommitWindowContextTransaction) Channel closing: too late to send/recv, messages will be lost


###!!! [Child][PContentChild] Error: RunMessage(msgname=PContent::Msg_HistoryCommitIndexAndLength) Channel closing: too late to send/recv, messages will be lost


###!!! [Child][PContentChild] Error: RunMessage(msgname=PHttpChannel::Msg_DeleteSelf) Channel closing: too late to send/recv, messages will be lost

JavaScript error: https://www.twitch.tv/alehr343, line 1: ChunkLoadError: Loading chunk 54142 failed.
(error: https://static.twitchcdn.net/assets/features.community-points.components.reward-center-2c417a866a7964ec18a3.js)
1649990819006	Marionette	INFO	Stopped listening on port 62325
1649990850457	geckodriver	INFO	Listening on 127.0.0.1:62543
1649990857920	mozrunner::runner	INFO	Running command: "C:\\Program Files\\Mozilla Firefox\\firefox.exe" "--marionette" "-no-remote" "-profile" "C:\\Users\\roher\\AppData\\Local\\Temp\\rust_mozprofilemHX8mn"
1649990858354	Marionette	INFO	Marionette enabled
1649990859770	Marionette	INFO	Listening on port 62576
Read port: 62576
1649990859858	RemoteAgent	WARN	TLS certificate errors will be ignored for this session
JavaScript warning: https://accounts.google.com/signin line 1 > eval line 4225 > eval line 1 > eval line 1 > eval, line 1: WEBGL_debug_renderer_info is deprecated in Firefox and will be removed. Please use RENDERER.
[Child 16660, MediaDecoderStateMachine #1] WARNING: 143ab6d62e0 Could not set cubeb stream name.: file /builds/worker/checkouts/gecko/dom/media/AudioStream.cpp:330
JavaScript error: https://www.twitch.tv/alehr343, line 1: Error: Loading CSS chunk 29662 failed.
(https://static.twitchcdn.net/assets/features.whispers-4ecb9cc2048996776fd7.css)

###!!! [Child][PContentChild] Error: RunMessage(msgname=PContent::Msg_CommitBrowsingContextTransaction) Channel closing: too late to send/recv, messages will be lost


###!!! [Child][PContentChild] Error: RunMessage(msgname=PContent::Msg_CommitWindowContextTransaction) Channel closing: too late to send/recv, messages will be lost


###!!! [Child][PContentChild] Error: RunMessage(msgname=PContent::Msg_HistoryCommitIndexAndLength) Channel closing: too late to send/recv, messages will be lost

1649990988101	Marionette	WARN	TimedPromise timed out after 500 ms: stacktrace:
TimedPromise/<@chrome://remote/content/marionette/sync.js:235:19
TimedPromise@chrome://remote/content/marionette/sync.js:220:10
interaction.flushEventLoop@chrome://remote/content/marionette/interaction.js:431:10
webdriverClickElement@chrome://remote/content/marionette/interaction.js:179:31
1649990993349	Marionette	WARN	TimedPromise timed out after 500 ms: stacktrace:
TimedPromise/<@chrome://remote/content/marionette/sync.js:235:19
TimedPromise@chrome://remote/content/marionette/sync.js:220:10
interaction.flushEventLoop@chrome://remote/content/marionette/interaction.js:431:10
webdriverClickElement@chrome://remote/content/marionette/interaction.js:179:31
1649990998093	Marionette	WARN	TimedPromise timed out after 500 ms: stacktrace:
TimedPromise/<@chrome://remote/content/marionette/sync.js:235:19
TimedPromise@chrome://remote/content/marionette/sync.js:220:10
interaction.flushEventLoop@chrome://remote/content/marionette/interaction.js:431:10
webdriverClickElement@chrome://remote/content/marionette/interaction.js:179:31
1649991002813	Marionette	WARN	TimedPromise timed out after 500 ms: stacktrace:
TimedPromise/<@chrome://remote/content/marionette/sync.js:235:19
TimedPromise@chrome://remote/content/marionette/sync.js:220:10
interaction.flushEventLoop@chrome://remote/content/marionette/interaction.js:431:10
webdriverClickElement@chrome://remote/content/marionette/interaction.js:179:31
1649991008060	Marionette	WARN	TimedPromise timed out after 500 ms: stacktrace:
TimedPromise/<@chrome://remote/content/marionette/sync.js:235:19
TimedPromise@chrome://remote/content/marionette/sync.js:220:10
interaction.flushEventLoop@chrome://remote/content/marionette/interaction.js:431:10
webdriverClickElement@chrome://remote/content/marionette/interaction.js:179:31
1649991017429	Marionette	WARN	TimedPromise timed out after 500 ms: stacktrace:
TimedPromise/<@chrome://remote/content/marionette/sync.js:235:19
TimedPromise@chrome://remote/content/marionette/sync.js:220:10
interaction.flushEventLoop@chrome://remote/content/marionette/interaction.js:431:10
webdriverClickElement@chrome://remote/content/marionette/interaction.js:179:31
1649992308298	geckodriver	INFO	Listening on 127.0.0.1:53743
1649992315797	mozrunner::runner	INFO	Running command: "C:\\Program Files\\Mozilla Firefox\\firefox.exe" "--marionette" "-no-remote" "-profile" "C:\\Users\\roher\\AppData\\Local\\Temp\\rust_mozprofilejWMgEf"
1649992316169	Marionette	INFO	Marionette enabled
1649992317613	Marionette	INFO	Listening on port 53767
Read port: 53767
1649992317700	RemoteAgent	WARN	TLS certificate errors will be ignored for this session
JavaScript warning: https://accounts.google.com/signin line 1 > eval line 910 > eval line 1 > eval line 1 > eval, line 1: WEBGL_debug_renderer_info is deprecated in Firefox and will be removed. Please use RENDERER.

###!!! [Child][PContentChild] Error: RunMessage(msgname=PContent::Msg_CommitBrowsingContextTransaction) Channel closing: too late to send/recv, messages will be lost


###!!! [Child][PContentChild] Error: RunMessage(msgname=PContent::Reply_DiscardBrowsingContext) Channel closing: too late to send/recv, messages will be lost


###!!! [Child][PContentChild] Error: RunMessage(msgname=PContent::Reply_DiscardBrowsingContext) Channel closing: too late to send/recv, messages will be lost


###!!! [Child][PContentChild] Error: RunMessage(msgname=PContent::Reply_DiscardBrowsingContext) Channel closing: too late to send/recv, messages will be lost


###!!! [Child][PContentChild] Error: RunMessage(msgname=PContent::Reply_DiscardBrowsingContext) Channel closing: too late to send/recv, messages will be lost


###!!! [Child][PContentChild] Error: RunMessage(msgname=PContent::Msg_CommitBrowsingContextTransaction) Channel closing: too late to send/recv, messages will be lost


###!!! [Child][PContentChild] Error: RunMessage(msgname=PContent::Msg_CommitBrowsingContextTransaction) Channel closing: too late to send/recv, messages will be lost


###!!! [Child][PContentChild] Error: RunMessage(msgname=PContent::Msg_CommitBrowsingContextTransaction) Channel closing: too late to send/recv, messages will be lost


###!!! [Child][PContentChild] Error: Send(msgname=PHttpChannel::Msg_Cancel) Channel closing: too late to send/recv, messages will be lost


###!!! [Child][PContentChild] Error: Send(msgname=PHttpChannel::Msg_DeletingChannel) Channel closing: too late to send/recv, messages will be lost


###!!! [Child][PContentChild] Error: RunMessage(msgname=PContent::Msg_CreateWindowContext) Channel closing: too late to send/recv, messages will be lost


###!!! [Child][PContentChild] Error: RunMessage(msgname=PContent::Msg_CommitBrowsingContextTransaction) Channel closing: too late to send/recv, messages will be lost


###!!! [Child][PContentChild] Error: RunMessage(msgname=PContent::Msg_CommitWindowContextTransaction) Channel closing: too late to send/recv, messages will be lost


###!!! [Child][PContentChild] Error: RunMessage(msgname=PContent::Msg_CommitWindowContextTransaction) Channel closing: too late to send/recv, messages will be lost


###!!! [Child][PContentChild] Error: RunMessage(msgname=PContent::Msg_CommitBrowsingContextTransaction) Channel closing: too late to send/recv, messages will be lost


###!!! [Child][PContentChild] Error: RunMessage(msgname=PContent::Msg_DiscardWindowContext) Channel closing: too late to send/recv, messages will be lost


###!!! [Child][PContentChild] Error: RunMessage(msgname=PContent::Msg_CommitBrowsingContextTransaction) Channel closing: too late to send/recv, messages will be lost


###!!! [Child][PContentChild] Error: RunMessage(msgname=PContent::Msg_CommitWindowContextTransaction) Channel closing: too late to send/recv, messages will be lost


###!!! [Child][PContentChild] Error: RunMessage(msgname=PContent::Msg_HistoryCommitIndexAndLength) Channel closing: too late to send/recv, messages will be lost

